<?xml version="1.0" encoding="UTF-8"?>
<!-- Generated by org.testng.reporters.JUnitXMLReporter -->
<testsuite ignored="0" hostname="DESKTOP-IQ4HG5O" failures="0" tests="3" name="Default test" time="42.045" errors="0" timestamp="2023-07-08T16:05:56 IST">
  <testcase classname="testPolicyBazzar.POL_TC_1234_ValidatingPersonalDetails" name="validatingFemaleRadioSelection" time="9.058"/>
  <testcase classname="testPolicyBazzar.POL_TC_1234_ValidatingPersonalDetails" name="validatingUserName" time="0.4"/>
  <testcase classname="testPolicyBazzar.POL_TC_1234_ValidatingPersonalDetails" name="validatingEmailID" time="0.16"/>
</testsuite> <!-- Default test -->
