<?xml version="1.0" encoding="UTF-8"?>
<!-- Generated by org.testng.reporters.JUnitXMLReporter -->
<testsuite ignored="0" hostname="DESKTOP-9STP60L" failures="0" tests="4" name="Test" time="35.184" errors="0" timestamp="2023-07-08T11:13:37 IST">
  <testcase classname="testPolicyBazzar.POL_TC_1234_ValidatingPersonalDetails" name="validatingProfilePageURL" time="5.12"/>
  <testcase classname="testPolicyBazzar.POL_TC_1234_ValidatingPersonalDetails" name="validatingFemaleRadioSelection" time="0.088"/>
  <testcase classname="testPolicyBazzar.POL_TC_1234_ValidatingPersonalDetails" name="validatingUserName" time="0.481"/>
  <testcase classname="testPolicyBazzar.POL_TC_1234_ValidatingPersonalDetails" name="validatingEmailID" time="0.16"/>
</testsuite> <!-- Test -->
