<?xml version="1.0" encoding="UTF-8"?>
<testng-results ignored="0" total="3" passed="3" failed="0" skipped="0">
  <reporter-output>
    <line>
      <![CDATA[Launching Policy Bazzar Appilcation]]>
    </line>
    <line>
      <![CDATA[Waiting for complete load page, wait time-1000]]>
    </line>
    <line>
      <![CDATA[Clicking on sign in home page]]>
    </line>
    <line>
      <![CDATA[Waiting for complete load page, wait time-1000]]>
    </line>
    <line>
      <![CDATA[Reading data from excel row number-0, cell number-0]]>
    </line>
    <line>
      <![CDATA[Entering mobile number]]>
    </line>
    <line>
      <![CDATA[Waiting for,wait time-1000]]>
    </line>
    <line>
      <![CDATA[Clicking on sign in with password]]>
    </line>
    <line>
      <![CDATA[Waiting for,wait time-1000]]>
    </line>
    <line>
      <![CDATA[Reading data from excel row number-0, cell number-1]]>
    </line>
    <line>
      <![CDATA[Entering password]]>
    </line>
    <line>
      <![CDATA[Clicking on sign in]]>
    </line>
    <line>
      <![CDATA[Waiting for complete load page, wait time-1500]]>
    </line>
    <line>
      <![CDATA[Clicking on my account]]>
    </line>
    <line>
      <![CDATA[Waiting for,wait time-1000]]>
    </line>
    <line>
      <![CDATA[Clicking on my profile]]>
    </line>
    <line>
      <![CDATA[Waiting for complete load page, wait time-2500]]>
    </line>
    <line>
      <![CDATA[Female radio button is selected - TC is passed]]>
    </line>
    <line>
      <![CDATA[Reading data from excel row number-0, cell number-2]]>
    </line>
    <line>
      <![CDATA[Actual and expected username are matching - TC is Passed]]>
    </line>
    <line>
      <![CDATA[Taking screenshot and stored at-F:\@Ruksar-TESTINGdata\myssRuksar Shaikh-POL_TC_1234-Vo.png]]>
    </line>
    <line>
      <![CDATA[Reading data from excel row number-1, cell number-0]]>
    </line>
    <line>
      <![CDATA[Actual and expected EmailID's are matching - TC is passed]]>
    </line>
    <line>
      <![CDATA[Logging out from Policy Bazzar Application]]>
    </line>
  </reporter-output>
  <suite started-at="2023-07-08T16:05:14 IST" name="Default suite" finished-at="2023-07-08T16:05:56 IST" duration-ms="42045">
    <groups>
    </groups>
    <test started-at="2023-07-08T16:05:14 IST" name="Default test" finished-at="2023-07-08T16:05:56 IST" duration-ms="42045">
      <class name="testPolicyBazzar.POL_TC_1234_ValidatingPersonalDetails">
        <test-method is-config="true" signature="openPolicyBazzarApplication()[pri:0, instance:testPolicyBazzar.POL_TC_1234_ValidatingPersonalDetails@793f29ff]" started-at="2023-07-08T16:05:14 IST" name="openPolicyBazzarApplication" finished-at="2023-07-08T16:05:41 IST" duration-ms="27329" status="PASS">
          <reporter-output>
            <line>
              <![CDATA[Launching Policy Bazzar Appilcation]]>
            </line>
            <line>
              <![CDATA[Waiting for complete load page, wait time-1000]]>
            </line>
            <line>
              <![CDATA[Clicking on sign in home page]]>
            </line>
            <line>
              <![CDATA[Waiting for complete load page, wait time-1000]]>
            </line>
            <line>
              <![CDATA[Reading data from excel row number-0, cell number-0]]>
            </line>
            <line>
              <![CDATA[Entering mobile number]]>
            </line>
            <line>
              <![CDATA[Waiting for,wait time-1000]]>
            </line>
            <line>
              <![CDATA[Clicking on sign in with password]]>
            </line>
            <line>
              <![CDATA[Waiting for,wait time-1000]]>
            </line>
            <line>
              <![CDATA[Reading data from excel row number-0, cell number-1]]>
            </line>
            <line>
              <![CDATA[Entering password]]>
            </line>
            <line>
              <![CDATA[Clicking on sign in]]>
            </line>
            <line>
              <![CDATA[Waiting for complete load page, wait time-1500]]>
            </line>
            <line>
              <![CDATA[Clicking on my account]]>
            </line>
            <line>
              <![CDATA[Waiting for,wait time-1000]]>
            </line>
            <line>
              <![CDATA[Clicking on my profile]]>
            </line>
            <line>
              <![CDATA[Waiting for complete load page, wait time-2500]]>
            </line>
          </reporter-output>
        </test-method> <!-- openPolicyBazzarApplication -->
        <test-method signature="validatingFemaleRadioSelection()[pri:0, instance:testPolicyBazzar.POL_TC_1234_ValidatingPersonalDetails@793f29ff]" started-at="2023-07-08T16:05:41 IST" name="validatingFemaleRadioSelection" finished-at="2023-07-08T16:05:50 IST" duration-ms="9058" status="PASS">
          <reporter-output>
            <line>
              <![CDATA[Female radio button is selected - TC is passed]]>
            </line>
          </reporter-output>
        </test-method> <!-- validatingFemaleRadioSelection -->
        <test-method signature="validatingUserName()[pri:0, instance:testPolicyBazzar.POL_TC_1234_ValidatingPersonalDetails@793f29ff]" started-at="2023-07-08T16:05:51 IST" name="validatingUserName" finished-at="2023-07-08T16:05:51 IST" duration-ms="400" status="PASS">
          <reporter-output>
            <line>
              <![CDATA[Reading data from excel row number-0, cell number-2]]>
            </line>
            <line>
              <![CDATA[Actual and expected username are matching - TC is Passed]]>
            </line>
            <line>
              <![CDATA[Taking screenshot and stored at-F:\@Ruksar-TESTINGdata\myssRuksar Shaikh-POL_TC_1234-Vo.png]]>
            </line>
          </reporter-output>
        </test-method> <!-- validatingUserName -->
        <test-method signature="validatingEmailID()[pri:1, instance:testPolicyBazzar.POL_TC_1234_ValidatingPersonalDetails@793f29ff]" started-at="2023-07-08T16:05:51 IST" name="validatingEmailID" finished-at="2023-07-08T16:05:51 IST" duration-ms="160" status="PASS">
          <reporter-output>
            <line>
              <![CDATA[Reading data from excel row number-1, cell number-0]]>
            </line>
            <line>
              <![CDATA[Actual and expected EmailID's are matching - TC is passed]]>
            </line>
          </reporter-output>
        </test-method> <!-- validatingEmailID -->
        <test-method is-config="true" signature="closingBrowser()[pri:0, instance:testPolicyBazzar.POL_TC_1234_ValidatingPersonalDetails@793f29ff]" started-at="2023-07-08T16:05:51 IST" name="closingBrowser" finished-at="2023-07-08T16:05:56 IST" duration-ms="4924" status="PASS">
          <reporter-output>
            <line>
              <![CDATA[Logging out from Policy Bazzar Application]]>
            </line>
          </reporter-output>
        </test-method> <!-- closingBrowser -->
      </class> <!-- testPolicyBazzar.POL_TC_1234_ValidatingPersonalDetails -->
    </test> <!-- Default test -->
  </suite> <!-- Default suite -->
</testng-results>
